<?xml version="1.0" encoding="UTF-8"?>
<testsuite xmlns:xsi="http://www.w3.org/2001/XMLSchema-instance" xsi:noNamespaceSchemaLocation="https://maven.apache.org/surefire/maven-surefire-plugin/xsd/surefire-test-report.xsd" name="com.food.ordering.system.order.service.domain.unit.OrderApplicationServiceImplTest" time="2.628" tests="4" errors="1" skipped="0" failures="1">
  <properties>
[...]
</properties>
  <testcase name="givenValidCreateOrderRequest_withNotValidPriceInput_thenReturnError" classname="com.food.ordering.system.order.service.domain.unit.OrderApplicationServiceImplTest" time="0.114"/>
  <testcase name="givenValidCreateOrderRequest_withPassiveRestaurant_thenReturnError" classname="com.food.ordering.system.order.service.domain.unit.OrderApplicationServiceImplTest" time="0.009"/>
  <testcase name="givenValidCreateOrderRequest_withNotValidItemPriceInput_thenReturnError" classname="com.food.ordering.system.order.service.domain.unit.OrderApplicationServiceImplTest" time="0.021">
    <failure message="expected: &lt;Item Order Price is not valid!&gt; but was: &lt;The restaurant with id 3e9b07db-c537-461b-a811-1d1787346d77 is currently not active!&gt;" type="org.opentest4j.AssertionFailedError"><![CDATA[org.opentest4j.AssertionFailedError: expected: <Item Order Price is not valid!> but was: <The restaurant with id 3e9b07db-c537-461b-a811-1d1787346d77 is currently not active!>
	at com.food.ordering.system.order.service.domain.unit.OrderApplicationServiceImplTest.givenValidCreateOrderRequest_withNotValidItemPriceInput_thenReturnError(OrderApplicationServiceImplTest.java:186)
]]></failure>
  </testcase>
  <testcase name="givenValidCreateOrderRequest_withValidRestaurantAndValidProduct_thenReturnSuccess" classname="com.food.ordering.system.order.service.domain.unit.OrderApplicationServiceImplTest" time="0.005">
    <error message="The restaurant with id 3e9b07db-c537-461b-a811-1d1787346d77 is currently not active!" type="com.food.ordering.system.order.service.domain.execption.OrderDomainException">com.food.ordering.system.order.service.domain.execption.OrderDomainException: The restaurant with id 3e9b07db-c537-461b-a811-1d1787346d77 is currently not active!
	at com.food.ordering.system.order.service.domain.unit.OrderApplicationServiceImplTest.givenValidCreateOrderRequest_withValidRestaurantAndValidProduct_thenReturnSuccess(OrderApplicationServiceImplTest.java:169)
</error>
  </testcase>
</testsuite>